#
# There is insufficient memory for the Java Runtime Environment to continue.
# Cannot create GC thread. Out of system resources.
# Possible reasons:
#   The system is out of physical RAM or swap space
#   In 32 bit mode, the process size limit was hit
# Possible solutions:
#   Reduce memory load on the system
#   Increase physical memory or swap space
#   Check if swap backing store is full
#   Use 64 bit Java on a 64 bit OS
#   Decrease Java heap size (-Xmx/-Xms)
#   Decrease number of Java threads
#   Decrease Java thread stack sizes (-Xss)
#   Set larger code cache with -XX:ReservedCodeCacheSize=
# This output file may be truncated or incomplete.
#
#  Out of Memory Error (gcTaskThread.cpp:48), pid=27158, tid=140681135712000
#
# JRE version:  (8.0_60-b27) (build )
# Java VM: Java HotSpot(TM) 64-Bit Server VM (25.60-b23 mixed mode linux-amd64 compressed oops)
# Failed to write core dump. Core dumps have been disabled. To enable core dumping, try "ulimit -c unlimited" before starting Java again
#

---------------  T H R E A D  ---------------

Current thread (0x000000000060b800):  JavaThread "Unknown thread" [_thread_in_vm, id=27158, stack(0x00007fffac70d000,0x00007fffac80d000)]

Stack: [0x00007fffac70d000,0x00007fffac80d000],  sp=0x00007fffac806330,  free space=996k
Native frames: (J=compiled Java code, j=interpreted, Vv=VM code, C=native code)
V  [libjvm.so+0xab97ea]  VMError::report_and_die()+0x2ba
V  [libjvm.so+0x4f9dab]  report_vm_out_of_memory(char const*, int, unsigned long, VMErrorType, char const*)+0x8b
V  [libjvm.so+0x5d377f]  GCTaskThread::GCTaskThread(GCTaskManager*, unsigned int, unsigned int)+0x15f
V  [libjvm.so+0x5d253b]  GCTaskManager::initialize()+0x3ab
V  [libjvm.so+0x93dc6d]  ParallelScavengeHeap::initialize()+0x34d
V  [libjvm.so+0xa8218b]  Universe::initialize_heap()+0xfb
V  [libjvm.so+0xa824fe]  universe_init()+0x3e
V  [libjvm.so+0x6388a5]  init_globals()+0x65
V  [libjvm.so+0xa666fe]  Threads::create_vm(JavaVMInitArgs*, bool*)+0x23e
V  [libjvm.so+0x6ccd34]  JNI_CreateJavaVM+0x74
C  [libjli.so+0x745e]  JavaMain+0x9e
C  [libjli.so+0xb213]  ContinueInNewThread0+0x63
C  [libjli.so+0x697a]  ContinueInNewThread+0x7a
C  [libjli.so+0x99e8]  JLI_Launch+0x798
C  [java+0x696]  JLI_Launch@@SUNWprivate_1.1+0x696
C  [libc.so.6+0x21ad5]  __libc_start_main+0xf5


---------------  P R O C E S S  ---------------

Java Threads: ( => current thread )

Other Threads:

=>0x000000000060b800 (exited) JavaThread "Unknown thread" [_thread_in_vm, id=27158, stack(0x00007fffac70d000,0x00007fffac80d000)]

VM state:not at safepoint (not fully initialized)

VM Mutex/Monitor currently owned by a thread: None

GC Heap History (0 events):
No events

Deoptimization events (0 events):
No events

Internal exceptions (0 events):
No events

Events (0 events):
No events


Dynamic libraries:
00400000-00401000 r-xp 00000000 08:01 681286                             /usr/java/jdk1.8.0_60/jre/bin/java
00600000-00601000 rw-p 00000000 08:01 681286                             /usr/java/jdk1.8.0_60/jre/bin/java
00601000-00643000 rw-p 00000000 00:00 0                                  [heap]
82000000-87400000 rw-p 00000000 00:00 0 
87400000-d6000000 ---p 00000000 00:00 0 
d6000000-d8a00000 rw-p 00000000 00:00 0 
d8a00000-100000000 ---p 00000000 00:00 0 
7ff2ce9f8000-7ff2ceca7000 rw-p 00000000 00:00 0 
7ff2ceca7000-7ff2cef1d000 ---p 00000000 00:00 0 
7ff2cef1d000-7ff2cef47000 rw-p 00000000 00:00 0 
7ff2cef47000-7ff2cf1bd000 ---p 00000000 00:00 0 
7ff2cf1bd000-7ff2cf1d2000 rw-p 00000000 00:00 0 
7ff2cf1d2000-7ff2cf30d000 ---p 00000000 00:00 0 
7ff2cf30d000-7ff2cf318000 rw-p 00000000 00:00 0 
7ff2cf318000-7ff2cf6ce000 ---p 00000000 00:00 0 
7ff2cf6ce000-7ff2cf93e000 rwxp 00000000 00:00 0 
7ff2cf93e000-7ff2de6ce000 ---p 00000000 00:00 0 
7ff2de6ce000-7ff2de6e8000 r-xp 00000000 08:01 681172                     /usr/java/jdk1.8.0_60/jre/lib/amd64/libzip.so
7ff2de6e8000-7ff2de8e8000 ---p 0001a000 08:01 681172                     /usr/java/jdk1.8.0_60/jre/lib/amd64/libzip.so
7ff2de8e8000-7ff2de8e9000 rw-p 0001a000 08:01 681172                     /usr/java/jdk1.8.0_60/jre/lib/amd64/libzip.so
7ff2de8e9000-7ff2de8f4000 r-xp 00000000 08:01 790858                     /lib64/libnss_ldap.so.2
7ff2de8f4000-7ff2deaf3000 ---p 0000b000 08:01 790858                     /lib64/libnss_ldap.so.2
7ff2deaf3000-7ff2deaf4000 r--p 0000a000 08:01 790858                     /lib64/libnss_ldap.so.2
7ff2deaf4000-7ff2deaf5000 rw-p 0000b000 08:01 790858                     /lib64/libnss_ldap.so.2
7ff2deaf5000-7ff2deb01000 r-xp 00000000 08:01 791618                     /lib64/libnss_files-2.17.so
7ff2deb01000-7ff2ded00000 ---p 0000c000 08:01 791618                     /lib64/libnss_files-2.17.so
7ff2ded00000-7ff2ded01000 r--p 0000b000 08:01 791618                     /lib64/libnss_files-2.17.so
7ff2ded01000-7ff2ded02000 rw-p 0000c000 08:01 791618                     /lib64/libnss_files-2.17.so
7ff2ded02000-7ff2ded2c000 r-xp 00000000 08:01 681174                     /usr/java/jdk1.8.0_60/jre/lib/amd64/libjava.so
7ff2ded2c000-7ff2def2c000 ---p 0002a000 08:01 681174                     /usr/java/jdk1.8.0_60/jre/lib/amd64/libjava.so
7ff2def2c000-7ff2def2e000 rw-p 0002a000 08:01 681174                     /usr/java/jdk1.8.0_60/jre/lib/amd64/libjava.so
7ff2def2e000-7ff2def3b000 r-xp 00000000 08:01 681177                     /usr/java/jdk1.8.0_60/jre/lib/amd64/libverify.so
7ff2def3b000-7ff2df13b000 ---p 0000d000 08:01 681177                     /usr/java/jdk1.8.0_60/jre/lib/amd64/libverify.so
7ff2df13b000-7ff2df13d000 rw-p 0000d000 08:01 681177                     /usr/java/jdk1.8.0_60/jre/lib/amd64/libverify.so
7ff2df13d000-7ff2df144000 r-xp 00000000 08:01 793538                     /lib64/librt-2.17.so
7ff2df144000-7ff2df343000 ---p 00007000 08:01 793538                     /lib64/librt-2.17.so
7ff2df343000-7ff2df344000 r--p 00006000 08:01 793538                     /lib64/librt-2.17.so
7ff2df344000-7ff2df345000 rw-p 00007000 08:01 793538                     /lib64/librt-2.17.so
7ff2df345000-7ff2df442000 r-xp 00000000 08:01 790662                     /lib64/libm-2.17.so
7ff2df442000-7ff2df641000 ---p 000fd000 08:01 790662                     /lib64/libm-2.17.so
7ff2df641000-7ff2df642000 r--p 000fc000 08:01 790662                     /lib64/libm-2.17.so
7ff2df642000-7ff2df643000 rw-p 000fd000 08:01 790662                     /lib64/libm-2.17.so
7ff2df643000-7ff2e0301000 r-xp 00000000 08:01 681192                     /usr/java/jdk1.8.0_60/jre/lib/amd64/server/libjvm.so
7ff2e0301000-7ff2e0500000 ---p 00cbe000 08:01 681192                     /usr/java/jdk1.8.0_60/jre/lib/amd64/server/libjvm.so
7ff2e0500000-7ff2e05d8000 rw-p 00cbd000 08:01 681192                     /usr/java/jdk1.8.0_60/jre/lib/amd64/server/libjvm.so
7ff2e05d8000-7ff2e061d000 rw-p 00000000 00:00 0 
7ff2e061d000-7ff2e07c4000 r-xp 00000000 08:01 786437                     /lib64/libc-2.17.so
7ff2e07c4000-7ff2e09c4000 ---p 001a7000 08:01 786437                     /lib64/libc-2.17.so
7ff2e09c4000-7ff2e09c8000 r--p 001a7000 08:01 786437                     /lib64/libc-2.17.so
7ff2e09c8000-7ff2e09ca000 rw-p 001ab000 08:01 786437                     /lib64/libc-2.17.so
7ff2e09ca000-7ff2e09ce000 rw-p 00000000 00:00 0 
7ff2e09ce000-7ff2e09d1000 r-xp 00000000 08:01 790640                     /lib64/libdl-2.17.so
7ff2e09d1000-7ff2e0bd0000 ---p 00003000 08:01 790640                     /lib64/libdl-2.17.so
7ff2e0bd0000-7ff2e0bd1000 r--p 00002000 08:01 790640                     /lib64/libdl-2.17.so
7ff2e0bd1000-7ff2e0bd2000 rw-p 00003000 08:01 790640                     /lib64/libdl-2.17.so
7ff2e0bd2000-7ff2e0be7000 r-xp 00000000 08:01 681293                     /usr/java/jdk1.8.0_60/jre/lib/amd64/jli/libjli.so
7ff2e0be7000-7ff2e0de7000 ---p 00015000 08:01 681293                     /usr/java/jdk1.8.0_60/jre/lib/amd64/jli/libjli.so
7ff2e0de7000-7ff2e0de8000 rw-p 00015000 08:01 681293                     /usr/java/jdk1.8.0_60/jre/lib/amd64/jli/libjli.so
7ff2e0de8000-7ff2e0e00000 r-xp 00000000 08:01 786473                     /lib64/libpthread-2.17.so
7ff2e0e00000-7ff2e0fff000 ---p 00018000 08:01 786473                     /lib64/libpthread-2.17.so
7ff2e0fff000-7ff2e1000000 r--p 00017000 08:01 786473                     /lib64/libpthread-2.17.so
7ff2e1000000-7ff2e1001000 rw-p 00018000 08:01 786473                     /lib64/libpthread-2.17.so
7ff2e1001000-7ff2e1005000 rw-p 00000000 00:00 0 
7ff2e1005000-7ff2e1027000 r-xp 00000000 08:01 789754                     /lib64/ld-2.17.so
7ff2e10ec000-7ff2e10ed000 ---p 00000000 00:00 0 
7ff2e10ed000-7ff2e11f1000 rw-p 00000000 00:00 0 
7ff2e1218000-7ff2e121b000 rw-p 00000000 00:00 0 
7ff2e121b000-7ff2e1223000 rw-s 00000000 08:01 263431                     /tmp/hsperfdata_kde/27158
7ff2e1223000-7ff2e1224000 rw-p 00000000 00:00 0 
7ff2e1224000-7ff2e1225000 r--p 00000000 00:00 0 
7ff2e1225000-7ff2e1226000 rw-p 00000000 00:00 0 
7ff2e1226000-7ff2e1227000 r--p 00021000 08:01 789754                     /lib64/ld-2.17.so
7ff2e1227000-7ff2e1228000 rw-p 00022000 08:01 789754                     /lib64/ld-2.17.so
7ff2e1228000-7ff2e1229000 rw-p 00000000 00:00 0 
7fffac70d000-7fffac710000 ---p 00000000 00:00 0 
7fffac711000-7fffac80d000 rw-p 00000000 00:00 0                          [stack]
7fffac8ab000-7fffac8ad000 r-xp 00000000 00:00 0                          [vdso]
ffffffffff600000-ffffffffff601000 r-xp 00000000 00:00 0                  [vsyscall]

VM Arguments:
jvm_args: -Dfile.encoding=UTF-8 
java_command: Xms256m -classpath /home/kde/NetBeansProjects/Переменные/build/classes pag.Ps
java_class_path (initial): .
Launcher Type: SUN_STANDARD

Environment Variables:
JAVA_HOME=/usr/lib/jvm/java
PATH=/home/kde/bin:/usr/lib/kde4/bin:/usr/local/bin:/usr/bin:/bin:/usr/games:/usr/X11R6/bin
LD_LIBRARY_PATH=/usr/java/latest/jre/lib/amd64:/usr/java/latest/jre/lib/i386:
SHELL=/bin/bash
DISPLAY=:0

Signal Handlers:
SIGSEGV: [libjvm.so+0xaba070], sa_mask[0]=11111111011111111101111111111110, sa_flags=SA_RESTART|SA_SIGINFO
SIGBUS: [libjvm.so+0xaba070], sa_mask[0]=11111111011111111101111111111110, sa_flags=SA_RESTART|SA_SIGINFO
SIGFPE: [libjvm.so+0x917630], sa_mask[0]=11111111011111111101111111111110, sa_flags=SA_RESTART|SA_SIGINFO
SIGPIPE: [libjvm.so+0x917630], sa_mask[0]=11111111011111111101111111111110, sa_flags=SA_RESTART|SA_SIGINFO
SIGXFSZ: [libjvm.so+0x917630], sa_mask[0]=11111111011111111101111111111110, sa_flags=SA_RESTART|SA_SIGINFO
SIGILL: [libjvm.so+0x917630], sa_mask[0]=11111111011111111101111111111110, sa_flags=SA_RESTART|SA_SIGINFO
SIGUSR1: SIG_DFL, sa_mask[0]=00000000000000000000000000000000, sa_flags=none
SIGUSR2: [libjvm.so+0x918c60], sa_mask[0]=00100000000000000000000000000000, sa_flags=SA_RESTART|SA_SIGINFO
SIGHUP: SIG_DFL, sa_mask[0]=00000000000000000000000000000000, sa_flags=none
SIGINT: SIG_IGN, sa_mask[0]=00000000000000000000000000000000, sa_flags=none
SIGTERM: SIG_DFL, sa_mask[0]=00000000000000000000000000000000, sa_flags=none
SIGQUIT: SIG_DFL, sa_mask[0]=00000000000000000000000000000000, sa_flags=none


---------------  S Y S T E M  ---------------

OS:ALT Linux 7.0.5 KDesktop  (Centaurea Montana)

uname:Linux 3.14.44-std-def-alt1 #1 SMP Tue Jun 9 12:55:22 UTC 2015 x86_64
libc:glibc 2.17 NPTL 2.17 
rlimit: STACK 8192k, CORE 0k, NPROC 512, NOFILE 4096, AS infinity
load average:2.27 1.02 0.78

/proc/meminfo:
MemTotal:        8253500 kB
MemFree:         2426556 kB
MemAvailable:    4710408 kB
Buffers:          192904 kB
Cached:          2237388 kB
SwapCached:            0 kB
Active:          3936772 kB
Inactive:        1426976 kB
Active(anon):    2935332 kB
Inactive(anon):   100672 kB
Active(file):    1001440 kB
Inactive(file):  1326304 kB
Unevictable:          12 kB
Mlocked:              12 kB
SwapTotal:      14817276 kB
SwapFree:       14817276 kB
Dirty:               908 kB
Writeback:             0 kB
AnonPages:       2933724 kB
Mapped:           476628 kB
Shmem:            102468 kB
Slab:             277332 kB
SReclaimable:     209512 kB
SUnreclaim:        67820 kB
KernelStack:        6248 kB
PageTables:        59848 kB
KsmZeroPages:          0 kB
NFS_Unstable:          0 kB
Bounce:                0 kB
WritebackTmp:          0 kB
CommitLimit:    18944024 kB
Committed_AS:    8771024 kB
VmallocTotal:   34359738367 kB
VmallocUsed:      127096 kB
VmallocChunk:   34359602684 kB
HardwareCorrupted:     0 kB
AnonHugePages:   1114112 kB
HugePages_Total:       0
HugePages_Free:        0
HugePages_Rsvd:        0
HugePages_Surp:        0
Hugepagesize:       2048 kB
DirectMap4k:      212240 kB
DirectMap2M:     8167424 kB


CPU:total 8 (4 cores per cpu, 2 threads per core) family 6 model 30 stepping 5, cmov, cx8, fxsr, mmx, sse, sse2, sse3, ssse3, sse4.1, sse4.2, popcnt, ht, tsc, tscinvbit

/proc/cpuinfo:
processor	: 0
vendor_id	: GenuineIntel
cpu family	: 6
model		: 30
model name	: Intel(R) Core(TM) i7 CPU       Q 720  @ 1.60GHz
stepping	: 5
microcode	: 0x3
cpu MHz		: 931.000
cache size	: 6144 KB
physical id	: 0
siblings	: 8
core id		: 0
cpu cores	: 4
apicid		: 0
initial apicid	: 0
fpu		: yes
fpu_exception	: yes
cpuid level	: 11
wp		: yes
flags		: fpu vme de pse tsc msr pae mce cx8 apic sep mtrr pge mca cmov pat pse36 clflush dts acpi mmx fxsr sse sse2 ss ht tm pbe syscall nx rdtscp lm constant_tsc arch_perfmon pebs bts rep_good nopl xtopology nonstop_tsc aperfmperf pni dtes64 monitor ds_cpl vmx smx est tm2 ssse3 cx16 xtpr pdcm sse4_1 sse4_2 popcnt lahf_lm ida dtherm tpr_shadow vnmi flexpriority ept vpid
bogomips	: 3192.48
clflush size	: 64
cache_alignment	: 64
address sizes	: 36 bits physical, 48 bits virtual
power management:

processor	: 1
vendor_id	: GenuineIntel
cpu family	: 6
model		: 30
model name	: Intel(R) Core(TM) i7 CPU       Q 720  @ 1.60GHz
stepping	: 5
microcode	: 0x3
cpu MHz		: 1463.000
cache size	: 6144 KB
physical id	: 0
siblings	: 8
core id		: 0
cpu cores	: 4
apicid		: 1
initial apicid	: 1
fpu		: yes
fpu_exception	: yes
cpuid level	: 11
wp		: yes
flags		: fpu vme de pse tsc msr pae mce cx8 apic sep mtrr pge mca cmov pat pse36 clflush dts acpi mmx fxsr sse sse2 ss ht tm pbe syscall nx rdtscp lm constant_tsc arch_perfmon pebs bts rep_good nopl xtopology nonstop_tsc aperfmperf pni dtes64 monitor ds_cpl vmx smx est tm2 ssse3 cx16 xtpr pdcm sse4_1 sse4_2 popcnt lahf_lm ida dtherm tpr_shadow vnmi flexpriority ept vpid
bogomips	: 3192.48
clflush size	: 64
cache_alignment	: 64
address sizes	: 36 bits physical, 48 bits virtual
power management:

processor	: 2
vendor_id	: GenuineIntel
cpu family	: 6
model		: 30
model name	: Intel(R) Core(TM) i7 CPU       Q 720  @ 1.60GHz
stepping	: 5
microcode	: 0x3
cpu MHz		: 1330.000
cache size	: 6144 KB
physical id	: 0
siblings	: 8
core id		: 1
cpu cores	: 4
apicid		: 2
initial apicid	: 2
fpu		: yes
fpu_exception	: yes
cpuid level	: 11
wp		: yes
flags		: fpu vme de pse tsc msr pae mce cx8 apic sep mtrr pge mca cmov pat pse36 clflush dts acpi mmx fxsr sse sse2 ss ht tm pbe syscall nx rdtscp lm constant_tsc arch_perfmon pebs bts rep_good nopl xtopology nonstop_tsc aperfmperf pni dtes64 monitor ds_cpl vmx smx est tm2 ssse3 cx16 xtpr pdcm sse4_1 sse4_2 popcnt lahf_lm ida dtherm tpr_shadow vnmi flexpriority ept vpid
bogomips	: 3192.48
clflush size	: 64
cache_alignment	: 64
address sizes	: 36 bits physical, 48 bits virtual
power management:

processor	: 3
vendor_id	: GenuineIntel
cpu family	: 6
model		: 30
model name	: Intel(R) Core(TM) i7 CPU       Q 720  @ 1.60GHz
stepping	: 5
microcode	: 0x3
cpu MHz		: 931.000
cache size	: 6144 KB
physical id	: 0
siblings	: 8
core id		: 1
cpu cores	: 4
apicid		: 3
initial apicid	: 3
fpu		: yes
fpu_exception	: yes
cpuid level	: 11
wp		: yes
flags		: fpu vme de pse tsc msr pae mce cx8 apic sep mtrr pge mca cmov pat pse36 clflush dts acpi mmx fxsr sse sse2 ss ht tm pbe syscall nx rdtscp lm constant_tsc arch_perfmon pebs bts rep_good nopl xtopology nonstop_tsc aperfmperf pni dtes64 monitor ds_cpl vmx smx est tm2 ssse3 cx16 xtpr pdcm sse4_1 sse4_2 popcnt lahf_lm ida dtherm tpr_shadow vnmi flexpriority ept vpid
bogomips	: 3192.48
clflush size	: 64
cache_alignment	: 64
address sizes	: 36 bits physical, 48 bits virtual
power management:

processor	: 4
vendor_id	: GenuineIntel
cpu family	: 6
model		: 30
model name	: Intel(R) Core(TM) i7 CPU       Q 720  @ 1.60GHz
stepping	: 5
microcode	: 0x3
cpu MHz		: 1197.000
cache size	: 6144 KB
physical id	: 0
siblings	: 8
core id		: 2
cpu cores	: 4
apicid		: 4
initial apicid	: 4
fpu		: yes
fpu_exception	: yes
cpuid level	: 11
wp		: yes
flags		: fpu vme de pse tsc msr pae mce cx8 apic sep mtrr pge mca cmov pat pse36 clflush dts acpi mmx fxsr sse sse2 ss ht tm pbe syscall nx rdtscp lm constant_tsc arch_perfmon pebs bts rep_good nopl xtopology nonstop_tsc aperfmperf pni dtes64 monitor ds_cpl vmx smx est tm2 ssse3 cx16 xtpr pdcm sse4_1 sse4_2 popcnt lahf_lm ida dtherm tpr_shadow vnmi flexpriority ept vpid
bogomips	: 3192.48
clflush size	: 64
cache_alignment	: 64
address sizes	: 36 bits physical, 48 bits virtual
power management:

processor	: 5
vendor_id	: GenuineIntel
cpu family	: 6
model		: 30
model name	: Intel(R) Core(TM) i7 CPU       Q 720  @ 1.60GHz
stepping	: 5
microcode	: 0x3
cpu MHz		: 1197.000
cache size	: 6144 KB
physical id	: 0
siblings	: 8
core id		: 2
cpu cores	: 4
apicid		: 5
initial apicid	: 5
fpu		: yes
fpu_exception	: yes
cpuid level	: 11
wp		: yes
flags		: fpu vme de pse tsc msr pae mce cx8 apic sep mtrr pge mca cmov pat pse36 clflush dts acpi mmx fxsr sse sse2 ss ht tm pbe syscall nx rdtscp lm constant_tsc arch_perfmon pebs bts rep_good nopl xtopology nonstop_tsc aperfmperf pni dtes64 monitor ds_cpl vmx smx est tm2 ssse3 cx16 xtpr pdcm sse4_1 sse4_2 popcnt lahf_lm ida dtherm tpr_shadow vnmi flexpriority ept vpid
bogomips	: 3192.48
clflush size	: 64
cache_alignment	: 64
address sizes	: 36 bits physical, 48 bits virtual
power management:

processor	: 6
vendor_id	: GenuineIntel
cpu family	: 6
model		: 30
model name	: Intel(R) Core(TM) i7 CPU       Q 720  @ 1.60GHz
stepping	: 5
microcode	: 0x3
cpu MHz		: 1463.000
cache size	: 6144 KB
physical id	: 0
siblings	: 8
core id		: 3
cpu cores	: 4
apicid		: 6
initial apicid	: 6
fpu		: yes
fpu_exception	: yes
cpuid level	: 11
wp		: yes
flags		: fpu vme de pse tsc msr pae mce cx8 apic sep mtrr pge mca cmov pat pse36 clflush dts acpi mmx fxsr sse sse2 ss ht tm pbe syscall nx rdtscp lm constant_tsc arch_perfmon pebs bts rep_good nopl xtopology nonstop_tsc aperfmperf pni dtes64 monitor ds_cpl vmx smx est tm2 ssse3 cx16 xtpr pdcm sse4_1 sse4_2 popcnt lahf_lm ida dtherm tpr_shadow vnmi flexpriority ept vpid
bogomips	: 3192.48
clflush size	: 64
cache_alignment	: 64
address sizes	: 36 bits physical, 48 bits virtual
power management:

processor	: 7
vendor_id	: GenuineIntel
cpu family	: 6
model		: 30
model name	: Intel(R) Core(TM) i7 CPU       Q 720  @ 1.60GHz
stepping	: 5
microcode	: 0x3
cpu MHz		: 1463.000
cache size	: 6144 KB
physical id	: 0
siblings	: 8
core id		: 3
cpu cores	: 4
apicid		: 7
initial apicid	: 7
fpu		: yes
fpu_exception	: yes
cpuid level	: 11
wp		: yes
flags		: fpu vme de pse tsc msr pae mce cx8 apic sep mtrr pge mca cmov pat pse36 clflush dts acpi mmx fxsr sse sse2 ss ht tm pbe syscall nx rdtscp lm constant_tsc arch_perfmon pebs bts rep_good nopl xtopology nonstop_tsc aperfmperf pni dtes64 monitor ds_cpl vmx smx est tm2 ssse3 cx16 xtpr pdcm sse4_1 sse4_2 popcnt lahf_lm ida dtherm tpr_shadow vnmi flexpriority ept vpid
bogomips	: 3192.48
clflush size	: 64
cache_alignment	: 64
address sizes	: 36 bits physical, 48 bits virtual
power management:



Memory: 4k page, physical 8253500k(2426556k free), swap 14817276k(14817276k free)

vm_info: Java HotSpot(TM) 64-Bit Server VM (25.60-b23) for linux-amd64 JRE (1.8.0_60-b27), built on Aug  4 2015 12:19:40 by "java_re" with gcc 4.3.0 20080428 (Red Hat 4.3.0-8)

time: Fri Jun 17 12:43:09 2016
elapsed time: 0 seconds (0d 0h 0m 0s)

