#
# There is insufficient memory for the Java Runtime Environment to continue.
# Cannot create GC thread. Out of system resources.
# Possible reasons:
#   The system is out of physical RAM or swap space
#   In 32 bit mode, the process size limit was hit
# Possible solutions:
#   Reduce memory load on the system
#   Increase physical memory or swap space
#   Check if swap backing store is full
#   Use 64 bit Java on a 64 bit OS
#   Decrease Java heap size (-Xmx/-Xms)
#   Decrease number of Java threads
#   Decrease Java thread stack sizes (-Xss)
#   Set larger code cache with -XX:ReservedCodeCacheSize=
# This output file may be truncated or incomplete.
#
#  Out of Memory Error (gcTaskThread.cpp:48), pid=1582, tid=140189860509440
#
# JRE version:  (8.0_60-b27) (build )
# Java VM: Java HotSpot(TM) 64-Bit Server VM (25.60-b23 mixed mode linux-amd64 compressed oops)
# Failed to write core dump. Core dumps have been disabled. To enable core dumping, try "ulimit -c unlimited" before starting Java again
#

---------------  T H R E A D  ---------------

Current thread (0x00007f8078009000):  JavaThread "Unknown thread" [_thread_in_vm, id=1585, stack(0x00007f807ec63000,0x00007f807ed64000)]

Stack: [0x00007f807ec63000,0x00007f807ed64000],  sp=0x00007f807ed62570,  free space=1021k
Native frames: (J=compiled Java code, j=interpreted, Vv=VM code, C=native code)
V  [libjvm.so+0xab97ea]  VMError::report_and_die()+0x2ba
V  [libjvm.so+0x4f9dab]  report_vm_out_of_memory(char const*, int, unsigned long, VMErrorType, char const*)+0x8b
V  [libjvm.so+0x5d377f]  GCTaskThread::GCTaskThread(GCTaskManager*, unsigned int, unsigned int)+0x15f
V  [libjvm.so+0x5d253b]  GCTaskManager::initialize()+0x3ab
V  [libjvm.so+0x93dc6d]  ParallelScavengeHeap::initialize()+0x34d
V  [libjvm.so+0xa8218b]  Universe::initialize_heap()+0xfb
V  [libjvm.so+0xa824fe]  universe_init()+0x3e
V  [libjvm.so+0x6388a5]  init_globals()+0x65
V  [libjvm.so+0xa666fe]  Threads::create_vm(JavaVMInitArgs*, bool*)+0x23e
V  [libjvm.so+0x6ccd34]  JNI_CreateJavaVM+0x74
C  [libjli.so+0x745e]  JavaMain+0x9e
C  [libpthread.so.0+0x7faf]  start_thread+0xcf


---------------  P R O C E S S  ---------------

Java Threads: ( => current thread )

Other Threads:

=>0x00007f8078009000 (exited) JavaThread "Unknown thread" [_thread_in_vm, id=1585, stack(0x00007f807ec63000,0x00007f807ed64000)]

VM state:not at safepoint (not fully initialized)

VM Mutex/Monitor currently owned by a thread: None

GC Heap History (0 events):
No events

Deoptimization events (0 events):
No events

Internal exceptions (0 events):
No events

Events (0 events):
No events


Dynamic libraries:
00400000-00401000 r-xp 00000000 08:01 681286                             /usr/java/jdk1.8.0_60/jre/bin/java
00600000-00601000 rw-p 00000000 08:01 681286                             /usr/java/jdk1.8.0_60/jre/bin/java
00601000-00622000 rw-p 00000000 00:00 0                                  [heap]
82000000-87400000 rw-p 00000000 00:00 0 
87400000-d6000000 ---p 00000000 00:00 0 
d6000000-d8a00000 rw-p 00000000 00:00 0 
d8a00000-100000000 ---p 00000000 00:00 0 
7f8067f26000-7f80681ab000 rw-p 00000000 00:00 0 
7f80681ab000-7f80681ac000 ---p 00000000 00:00 0 
7f80681ac000-7f80682ac000 rw-p 00000000 00:00 0 
7f80682ac000-7f80682ad000 ---p 00000000 00:00 0 
7f80682ad000-7f80683ad000 rw-p 00000000 00:00 0                          [stack:1592]
7f80683ad000-7f80683ae000 ---p 00000000 00:00 0 
7f80683ae000-7f80684ae000 rw-p 00000000 00:00 0                          [stack:1591]
7f80684ae000-7f80684af000 ---p 00000000 00:00 0 
7f80684af000-7f80685d9000 rw-p 00000000 00:00 0                          [stack:1590]
7f80685d9000-7f806884f000 ---p 00000000 00:00 0 
7f806884f000-7f8068879000 rw-p 00000000 00:00 0 
7f8068879000-7f8068aef000 ---p 00000000 00:00 0 
7f8068aef000-7f8068b04000 rw-p 00000000 00:00 0 
7f8068b04000-7f8068c3f000 ---p 00000000 00:00 0 
7f8068c3f000-7f8068c4a000 rw-p 00000000 00:00 0 
7f8068c4a000-7f8069000000 ---p 00000000 00:00 0 
7f8069000000-7f8069270000 rwxp 00000000 00:00 0 
7f8069270000-7f8078000000 ---p 00000000 00:00 0 
7f8078000000-7f8078040000 rw-p 00000000 00:00 0 
7f8078040000-7f807c000000 ---p 00000000 00:00 0 
7f807c043000-7f807c044000 ---p 00000000 00:00 0 
7f807c044000-7f807c144000 rw-p 00000000 00:00 0                          [stack:1589]
7f807c144000-7f807c145000 ---p 00000000 00:00 0 
7f807c145000-7f807c245000 rw-p 00000000 00:00 0                          [stack:1588]
7f807c245000-7f807c25f000 r-xp 00000000 08:01 681172                     /usr/java/jdk1.8.0_60/jre/lib/amd64/libzip.so
7f807c25f000-7f807c45f000 ---p 0001a000 08:01 681172                     /usr/java/jdk1.8.0_60/jre/lib/amd64/libzip.so
7f807c45f000-7f807c460000 rw-p 0001a000 08:01 681172                     /usr/java/jdk1.8.0_60/jre/lib/amd64/libzip.so
7f807c460000-7f807c46b000 r-xp 00000000 08:01 790858                     /lib64/libnss_ldap.so.2
7f807c46b000-7f807c66a000 ---p 0000b000 08:01 790858                     /lib64/libnss_ldap.so.2
7f807c66a000-7f807c66b000 r--p 0000a000 08:01 790858                     /lib64/libnss_ldap.so.2
7f807c66b000-7f807c66c000 rw-p 0000b000 08:01 790858                     /lib64/libnss_ldap.so.2
7f807c66c000-7f807c678000 r-xp 00000000 08:01 791618                     /lib64/libnss_files-2.17.so
7f807c678000-7f807c877000 ---p 0000c000 08:01 791618                     /lib64/libnss_files-2.17.so
7f807c877000-7f807c878000 r--p 0000b000 08:01 791618                     /lib64/libnss_files-2.17.so
7f807c878000-7f807c879000 rw-p 0000c000 08:01 791618                     /lib64/libnss_files-2.17.so
7f807c879000-7f807c8a3000 r-xp 00000000 08:01 681174                     /usr/java/jdk1.8.0_60/jre/lib/amd64/libjava.so
7f807c8a3000-7f807caa3000 ---p 0002a000 08:01 681174                     /usr/java/jdk1.8.0_60/jre/lib/amd64/libjava.so
7f807caa3000-7f807caa5000 rw-p 0002a000 08:01 681174                     /usr/java/jdk1.8.0_60/jre/lib/amd64/libjava.so
7f807caa5000-7f807cab2000 r-xp 00000000 08:01 681177                     /usr/java/jdk1.8.0_60/jre/lib/amd64/libverify.so
7f807cab2000-7f807ccb2000 ---p 0000d000 08:01 681177                     /usr/java/jdk1.8.0_60/jre/lib/amd64/libverify.so
7f807ccb2000-7f807ccb4000 rw-p 0000d000 08:01 681177                     /usr/java/jdk1.8.0_60/jre/lib/amd64/libverify.so
7f807ccb4000-7f807ccbb000 r-xp 00000000 08:01 793538                     /lib64/librt-2.17.so
7f807ccbb000-7f807ceba000 ---p 00007000 08:01 793538                     /lib64/librt-2.17.so
7f807ceba000-7f807cebb000 r--p 00006000 08:01 793538                     /lib64/librt-2.17.so
7f807cebb000-7f807cebc000 rw-p 00007000 08:01 793538                     /lib64/librt-2.17.so
7f807cebc000-7f807cfb9000 r-xp 00000000 08:01 790662                     /lib64/libm-2.17.so
7f807cfb9000-7f807d1b8000 ---p 000fd000 08:01 790662                     /lib64/libm-2.17.so
7f807d1b8000-7f807d1b9000 r--p 000fc000 08:01 790662                     /lib64/libm-2.17.so
7f807d1b9000-7f807d1ba000 rw-p 000fd000 08:01 790662                     /lib64/libm-2.17.so
7f807d1ba000-7f807de78000 r-xp 00000000 08:01 681192                     /usr/java/jdk1.8.0_60/jre/lib/amd64/server/libjvm.so
7f807de78000-7f807e077000 ---p 00cbe000 08:01 681192                     /usr/java/jdk1.8.0_60/jre/lib/amd64/server/libjvm.so
7f807e077000-7f807e14f000 rw-p 00cbd000 08:01 681192                     /usr/java/jdk1.8.0_60/jre/lib/amd64/server/libjvm.so
7f807e14f000-7f807e194000 rw-p 00000000 00:00 0 
7f807e194000-7f807e33b000 r-xp 00000000 08:01 786437                     /lib64/libc-2.17.so
7f807e33b000-7f807e53b000 ---p 001a7000 08:01 786437                     /lib64/libc-2.17.so
7f807e53b000-7f807e53f000 r--p 001a7000 08:01 786437                     /lib64/libc-2.17.so
7f807e53f000-7f807e541000 rw-p 001ab000 08:01 786437                     /lib64/libc-2.17.so
7f807e541000-7f807e545000 rw-p 00000000 00:00 0 
7f807e545000-7f807e548000 r-xp 00000000 08:01 790640                     /lib64/libdl-2.17.so
7f807e548000-7f807e747000 ---p 00003000 08:01 790640                     /lib64/libdl-2.17.so
7f807e747000-7f807e748000 r--p 00002000 08:01 790640                     /lib64/libdl-2.17.so
7f807e748000-7f807e749000 rw-p 00003000 08:01 790640                     /lib64/libdl-2.17.so
7f807e749000-7f807e75e000 r-xp 00000000 08:01 681293                     /usr/java/jdk1.8.0_60/jre/lib/amd64/jli/libjli.so
7f807e75e000-7f807e95e000 ---p 00015000 08:01 681293                     /usr/java/jdk1.8.0_60/jre/lib/amd64/jli/libjli.so
7f807e95e000-7f807e95f000 rw-p 00015000 08:01 681293                     /usr/java/jdk1.8.0_60/jre/lib/amd64/jli/libjli.so
7f807e95f000-7f807e977000 r-xp 00000000 08:01 786473                     /lib64/libpthread-2.17.so
7f807e977000-7f807eb76000 ---p 00018000 08:01 786473                     /lib64/libpthread-2.17.so
7f807eb76000-7f807eb77000 r--p 00017000 08:01 786473                     /lib64/libpthread-2.17.so
7f807eb77000-7f807eb78000 rw-p 00018000 08:01 786473                     /lib64/libpthread-2.17.so
7f807eb78000-7f807eb7c000 rw-p 00000000 00:00 0 
7f807eb7c000-7f807eb9e000 r-xp 00000000 08:01 789754                     /lib64/ld-2.17.so
7f807ec63000-7f807ec66000 ---p 00000000 00:00 0 
7f807ec66000-7f807ed68000 rw-p 00000000 00:00 0                          [stack:1585]
7f807ed8f000-7f807ed92000 rw-p 00000000 00:00 0 
7f807ed92000-7f807ed9a000 rw-s 00000000 08:01 263392                     /tmp/hsperfdata_kde/1582
7f807ed9a000-7f807ed9b000 rw-p 00000000 00:00 0 
7f807ed9b000-7f807ed9c000 r--p 00000000 00:00 0 
7f807ed9c000-7f807ed9d000 rw-p 00000000 00:00 0 
7f807ed9d000-7f807ed9e000 r--p 00021000 08:01 789754                     /lib64/ld-2.17.so
7f807ed9e000-7f807ed9f000 rw-p 00022000 08:01 789754                     /lib64/ld-2.17.so
7f807ed9f000-7f807eda0000 rw-p 00000000 00:00 0 
7ffcd8f3d000-7ffcd8f5e000 rw-p 00000000 00:00 0                          [stack]
7ffcd8fe9000-7ffcd8feb000 r-xp 00000000 00:00 0                          [vdso]
ffffffffff600000-ffffffffff601000 r-xp 00000000 00:00 0                  [vsyscall]

VM Arguments:
jvm_args: -Dfile.encoding=UTF-8 
java_command: Xms256m -classpath /home/kde/NetBeansProjects/Переменные/build/classes pag_.Ps
java_class_path (initial): .
Launcher Type: SUN_STANDARD

Environment Variables:
JAVA_HOME=/usr/lib/jvm/java
PATH=/home/kde/bin:/usr/lib/kde4/bin:/usr/local/bin:/usr/bin:/bin:/usr/games:/usr/X11R6/bin
LD_LIBRARY_PATH=/usr/java/latest/jre/lib/amd64:/usr/java/latest/jre/lib/i386:
SHELL=/bin/bash
DISPLAY=:0

Signal Handlers:
SIGSEGV: [libjvm.so+0xaba070], sa_mask[0]=11111111011111111101111111111110, sa_flags=SA_RESTART|SA_SIGINFO
SIGBUS: [libjvm.so+0xaba070], sa_mask[0]=11111111011111111101111111111110, sa_flags=SA_RESTART|SA_SIGINFO
SIGFPE: [libjvm.so+0x917630], sa_mask[0]=11111111011111111101111111111110, sa_flags=SA_RESTART|SA_SIGINFO
SIGPIPE: [libjvm.so+0x917630], sa_mask[0]=11111111011111111101111111111110, sa_flags=SA_RESTART|SA_SIGINFO
SIGXFSZ: [libjvm.so+0x917630], sa_mask[0]=11111111011111111101111111111110, sa_flags=SA_RESTART|SA_SIGINFO
SIGILL: [libjvm.so+0x917630], sa_mask[0]=11111111011111111101111111111110, sa_flags=SA_RESTART|SA_SIGINFO
SIGUSR1: SIG_DFL, sa_mask[0]=00000000000000000000000000000000, sa_flags=none
SIGUSR2: [libjvm.so+0x918c60], sa_mask[0]=00100000000000000000000000000000, sa_flags=SA_RESTART|SA_SIGINFO
SIGHUP: SIG_DFL, sa_mask[0]=00000000000000000000000000000000, sa_flags=none
SIGINT: SIG_IGN, sa_mask[0]=00000000000000000000000000000000, sa_flags=none
SIGTERM: SIG_DFL, sa_mask[0]=00000000000000000000000000000000, sa_flags=none
SIGQUIT: SIG_DFL, sa_mask[0]=00000000000000000000000000000000, sa_flags=none


---------------  S Y S T E M  ---------------

OS:ALT Linux 7.0.5 KDesktop  (Centaurea Montana)

uname:Linux 3.14.44-std-def-alt1 #1 SMP Tue Jun 9 12:55:22 UTC 2015 x86_64
libc:glibc 2.17 NPTL 2.17 
rlimit: STACK 8192k, CORE 0k, NPROC 512, NOFILE 4096, AS infinity
load average:1.42 1.04 0.94

/proc/meminfo:
MemTotal:        8253500 kB
MemFree:         2194884 kB
MemAvailable:    4858560 kB
Buffers:          149388 kB
Cached:          2713240 kB
SwapCached:            0 kB
Active:          4105492 kB
Inactive:        1545824 kB
Active(anon):    2789936 kB
Inactive(anon):    95092 kB
Active(file):    1315556 kB
Inactive(file):  1450732 kB
Unevictable:           8 kB
Mlocked:               8 kB
SwapTotal:      14817276 kB
SwapFree:       14817276 kB
Dirty:               392 kB
Writeback:             0 kB
AnonPages:       2789124 kB
Mapped:           549296 kB
Shmem:             96328 kB
Slab:             201084 kB
SReclaimable:     132644 kB
SUnreclaim:        68440 kB
KernelStack:        6232 kB
PageTables:        60272 kB
KsmZeroPages:          0 kB
NFS_Unstable:          0 kB
Bounce:                0 kB
WritebackTmp:          0 kB
CommitLimit:    18944024 kB
Committed_AS:    8738820 kB
VmallocTotal:   34359738367 kB
VmallocUsed:      127240 kB
VmallocChunk:   34359606780 kB
HardwareCorrupted:     0 kB
AnonHugePages:   1036288 kB
HugePages_Total:       0
HugePages_Free:        0
HugePages_Rsvd:        0
HugePages_Surp:        0
Hugepagesize:       2048 kB
DirectMap4k:      242960 kB
DirectMap2M:     8136704 kB


CPU:total 8 (4 cores per cpu, 2 threads per core) family 6 model 30 stepping 5, cmov, cx8, fxsr, mmx, sse, sse2, sse3, ssse3, sse4.1, sse4.2, popcnt, ht, tsc, tscinvbit

/proc/cpuinfo:
processor	: 0
vendor_id	: GenuineIntel
cpu family	: 6
model		: 30
model name	: Intel(R) Core(TM) i7 CPU       Q 720  @ 1.60GHz
stepping	: 5
microcode	: 0x3
cpu MHz		: 1463.000
cache size	: 6144 KB
physical id	: 0
siblings	: 8
core id		: 0
cpu cores	: 4
apicid		: 0
initial apicid	: 0
fpu		: yes
fpu_exception	: yes
cpuid level	: 11
wp		: yes
flags		: fpu vme de pse tsc msr pae mce cx8 apic sep mtrr pge mca cmov pat pse36 clflush dts acpi mmx fxsr sse sse2 ss ht tm pbe syscall nx rdtscp lm constant_tsc arch_perfmon pebs bts rep_good nopl xtopology nonstop_tsc aperfmperf pni dtes64 monitor ds_cpl vmx smx est tm2 ssse3 cx16 xtpr pdcm sse4_1 sse4_2 popcnt lahf_lm ida dtherm tpr_shadow vnmi flexpriority ept vpid
bogomips	: 3192.47
clflush size	: 64
cache_alignment	: 64
address sizes	: 36 bits physical, 48 bits virtual
power management:

processor	: 1
vendor_id	: GenuineIntel
cpu family	: 6
model		: 30
model name	: Intel(R) Core(TM) i7 CPU       Q 720  @ 1.60GHz
stepping	: 5
microcode	: 0x3
cpu MHz		: 1463.000
cache size	: 6144 KB
physical id	: 0
siblings	: 8
core id		: 0
cpu cores	: 4
apicid		: 1
initial apicid	: 1
fpu		: yes
fpu_exception	: yes
cpuid level	: 11
wp		: yes
flags		: fpu vme de pse tsc msr pae mce cx8 apic sep mtrr pge mca cmov pat pse36 clflush dts acpi mmx fxsr sse sse2 ss ht tm pbe syscall nx rdtscp lm constant_tsc arch_perfmon pebs bts rep_good nopl xtopology nonstop_tsc aperfmperf pni dtes64 monitor ds_cpl vmx smx est tm2 ssse3 cx16 xtpr pdcm sse4_1 sse4_2 popcnt lahf_lm ida dtherm tpr_shadow vnmi flexpriority ept vpid
bogomips	: 3192.47
clflush size	: 64
cache_alignment	: 64
address sizes	: 36 bits physical, 48 bits virtual
power management:

processor	: 2
vendor_id	: GenuineIntel
cpu family	: 6
model		: 30
model name	: Intel(R) Core(TM) i7 CPU       Q 720  @ 1.60GHz
stepping	: 5
microcode	: 0x3
cpu MHz		: 931.000
cache size	: 6144 KB
physical id	: 0
siblings	: 8
core id		: 1
cpu cores	: 4
apicid		: 2
initial apicid	: 2
fpu		: yes
fpu_exception	: yes
cpuid level	: 11
wp		: yes
flags		: fpu vme de pse tsc msr pae mce cx8 apic sep mtrr pge mca cmov pat pse36 clflush dts acpi mmx fxsr sse sse2 ss ht tm pbe syscall nx rdtscp lm constant_tsc arch_perfmon pebs bts rep_good nopl xtopology nonstop_tsc aperfmperf pni dtes64 monitor ds_cpl vmx smx est tm2 ssse3 cx16 xtpr pdcm sse4_1 sse4_2 popcnt lahf_lm ida dtherm tpr_shadow vnmi flexpriority ept vpid
bogomips	: 3192.47
clflush size	: 64
cache_alignment	: 64
address sizes	: 36 bits physical, 48 bits virtual
power management:

processor	: 3
vendor_id	: GenuineIntel
cpu family	: 6
model		: 30
model name	: Intel(R) Core(TM) i7 CPU       Q 720  @ 1.60GHz
stepping	: 5
microcode	: 0x3
cpu MHz		: 931.000
cache size	: 6144 KB
physical id	: 0
siblings	: 8
core id		: 1
cpu cores	: 4
apicid		: 3
initial apicid	: 3
fpu		: yes
fpu_exception	: yes
cpuid level	: 11
wp		: yes
flags		: fpu vme de pse tsc msr pae mce cx8 apic sep mtrr pge mca cmov pat pse36 clflush dts acpi mmx fxsr sse sse2 ss ht tm pbe syscall nx rdtscp lm constant_tsc arch_perfmon pebs bts rep_good nopl xtopology nonstop_tsc aperfmperf pni dtes64 monitor ds_cpl vmx smx est tm2 ssse3 cx16 xtpr pdcm sse4_1 sse4_2 popcnt lahf_lm ida dtherm tpr_shadow vnmi flexpriority ept vpid
bogomips	: 3192.47
clflush size	: 64
cache_alignment	: 64
address sizes	: 36 bits physical, 48 bits virtual
power management:

processor	: 4
vendor_id	: GenuineIntel
cpu family	: 6
model		: 30
model name	: Intel(R) Core(TM) i7 CPU       Q 720  @ 1.60GHz
stepping	: 5
microcode	: 0x3
cpu MHz		: 1197.000
cache size	: 6144 KB
physical id	: 0
siblings	: 8
core id		: 2
cpu cores	: 4
apicid		: 4
initial apicid	: 4
fpu		: yes
fpu_exception	: yes
cpuid level	: 11
wp		: yes
flags		: fpu vme de pse tsc msr pae mce cx8 apic sep mtrr pge mca cmov pat pse36 clflush dts acpi mmx fxsr sse sse2 ss ht tm pbe syscall nx rdtscp lm constant_tsc arch_perfmon pebs bts rep_good nopl xtopology nonstop_tsc aperfmperf pni dtes64 monitor ds_cpl vmx smx est tm2 ssse3 cx16 xtpr pdcm sse4_1 sse4_2 popcnt lahf_lm ida dtherm tpr_shadow vnmi flexpriority ept vpid
bogomips	: 3192.47
clflush size	: 64
cache_alignment	: 64
address sizes	: 36 bits physical, 48 bits virtual
power management:

processor	: 5
vendor_id	: GenuineIntel
cpu family	: 6
model		: 30
model name	: Intel(R) Core(TM) i7 CPU       Q 720  @ 1.60GHz
stepping	: 5
microcode	: 0x3
cpu MHz		: 1463.000
cache size	: 6144 KB
physical id	: 0
siblings	: 8
core id		: 2
cpu cores	: 4
apicid		: 5
initial apicid	: 5
fpu		: yes
fpu_exception	: yes
cpuid level	: 11
wp		: yes
flags		: fpu vme de pse tsc msr pae mce cx8 apic sep mtrr pge mca cmov pat pse36 clflush dts acpi mmx fxsr sse sse2 ss ht tm pbe syscall nx rdtscp lm constant_tsc arch_perfmon pebs bts rep_good nopl xtopology nonstop_tsc aperfmperf pni dtes64 monitor ds_cpl vmx smx est tm2 ssse3 cx16 xtpr pdcm sse4_1 sse4_2 popcnt lahf_lm ida dtherm tpr_shadow vnmi flexpriority ept vpid
bogomips	: 3192.47
clflush size	: 64
cache_alignment	: 64
address sizes	: 36 bits physical, 48 bits virtual
power management:

processor	: 6
vendor_id	: GenuineIntel
cpu family	: 6
model		: 30
model name	: Intel(R) Core(TM) i7 CPU       Q 720  @ 1.60GHz
stepping	: 5
microcode	: 0x3
cpu MHz		: 1330.000
cache size	: 6144 KB
physical id	: 0
siblings	: 8
core id		: 3
cpu cores	: 4
apicid		: 6
initial apicid	: 6
fpu		: yes
fpu_exception	: yes
cpuid level	: 11
wp		: yes
flags		: fpu vme de pse tsc msr pae mce cx8 apic sep mtrr pge mca cmov pat pse36 clflush dts acpi mmx fxsr sse sse2 ss ht tm pbe syscall nx rdtscp lm constant_tsc arch_perfmon pebs bts rep_good nopl xtopology nonstop_tsc aperfmperf pni dtes64 monitor ds_cpl vmx smx est tm2 ssse3 cx16 xtpr pdcm sse4_1 sse4_2 popcnt lahf_lm ida dtherm tpr_shadow vnmi flexpriority ept vpid
bogomips	: 3192.47
clflush size	: 64
cache_alignment	: 64
address sizes	: 36 bits physical, 48 bits virtual
power management:

processor	: 7
vendor_id	: GenuineIntel
cpu family	: 6
model		: 30
model name	: Intel(R) Core(TM) i7 CPU       Q 720  @ 1.60GHz
stepping	: 5
microcode	: 0x3
cpu MHz		: 931.000
cache size	: 6144 KB
physical id	: 0
siblings	: 8
core id		: 3
cpu cores	: 4
apicid		: 7
initial apicid	: 7
fpu		: yes
fpu_exception	: yes
cpuid level	: 11
wp		: yes
flags		: fpu vme de pse tsc msr pae mce cx8 apic sep mtrr pge mca cmov pat pse36 clflush dts acpi mmx fxsr sse sse2 ss ht tm pbe syscall nx rdtscp lm constant_tsc arch_perfmon pebs bts rep_good nopl xtopology nonstop_tsc aperfmperf pni dtes64 monitor ds_cpl vmx smx est tm2 ssse3 cx16 xtpr pdcm sse4_1 sse4_2 popcnt lahf_lm ida dtherm tpr_shadow vnmi flexpriority ept vpid
bogomips	: 3192.47
clflush size	: 64
cache_alignment	: 64
address sizes	: 36 bits physical, 48 bits virtual
power management:



Memory: 4k page, physical 8253500k(2194884k free), swap 14817276k(14817276k free)

vm_info: Java HotSpot(TM) 64-Bit Server VM (25.60-b23) for linux-amd64 JRE (1.8.0_60-b27), built on Aug  4 2015 12:19:40 by "java_re" with gcc 4.3.0 20080428 (Red Hat 4.3.0-8)

time: Thu Jun 16 13:35:30 2016
elapsed time: 0 seconds (0d 0h 0m 0s)

